04-May-2018 21:59:34.684 INFO [main] org.apache.catalina.startup.VersionLoggerListener.log Server version:        Apache Tomcat/8.5.30
04-May-2018 21:59:34.689 INFO [main] org.apache.catalina.startup.VersionLoggerListener.log Server built:          Apr 3 2018 20:04:09 UTC
04-May-2018 21:59:34.689 INFO [main] org.apache.catalina.startup.VersionLoggerListener.log Server number:         8.5.30.0
04-May-2018 21:59:34.689 INFO [main] org.apache.catalina.startup.VersionLoggerListener.log OS Name:               Mac OS X
04-May-2018 21:59:34.689 INFO [main] org.apache.catalina.startup.VersionLoggerListener.log OS Version:            10.13.4
04-May-2018 21:59:34.689 INFO [main] org.apache.catalina.startup.VersionLoggerListener.log Architecture:          x86_64
04-May-2018 21:59:34.689 INFO [main] org.apache.catalina.startup.VersionLoggerListener.log Java Home:             /Library/Java/JavaVirtualMachines/jdk1.8.0_144.jdk/Contents/Home/jre
04-May-2018 21:59:34.689 INFO [main] org.apache.catalina.startup.VersionLoggerListener.log JVM Version:           1.8.0_144-b01
04-May-2018 21:59:34.689 INFO [main] org.apache.catalina.startup.VersionLoggerListener.log JVM Vendor:            Oracle Corporation
04-May-2018 21:59:34.690 INFO [main] org.apache.catalina.startup.VersionLoggerListener.log CATALINA_BASE:         /Users/james/NetBeansProjects/WebtechLecFinals/libraries/apache-tomcat-8.5.30
04-May-2018 21:59:34.690 INFO [main] org.apache.catalina.startup.VersionLoggerListener.log CATALINA_HOME:         /Users/james/NetBeansProjects/WebtechLecFinals/libraries/apache-tomcat-8.5.30
04-May-2018 21:59:34.690 INFO [main] org.apache.catalina.startup.VersionLoggerListener.log Command line argument: -Djava.util.logging.config.file=/Users/james/NetBeansProjects/WebtechLecFinals/libraries/apache-tomcat-8.5.30/conf/logging.properties
04-May-2018 21:59:34.691 INFO [main] org.apache.catalina.startup.VersionLoggerListener.log Command line argument: -Djava.util.logging.manager=org.apache.juli.ClassLoaderLogManager
04-May-2018 21:59:34.691 INFO [main] org.apache.catalina.startup.VersionLoggerListener.log Command line argument: -Dhttp.nonProxyHosts=localhost|127.0.0.1|Jamess-MacBook-Pro.local
04-May-2018 21:59:34.691 INFO [main] org.apache.catalina.startup.VersionLoggerListener.log Command line argument: -Djdk.tls.ephemeralDHKeySize=2048
04-May-2018 21:59:34.691 INFO [main] org.apache.catalina.startup.VersionLoggerListener.log Command line argument: -Djava.protocol.handler.pkgs=org.apache.catalina.webresources
04-May-2018 21:59:34.691 INFO [main] org.apache.catalina.startup.VersionLoggerListener.log Command line argument: -Dorg.apache.catalina.security.SecurityListener.UMASK=0027
04-May-2018 21:59:34.691 INFO [main] org.apache.catalina.startup.VersionLoggerListener.log Command line argument: -Dignore.endorsed.dirs=
04-May-2018 21:59:34.691 INFO [main] org.apache.catalina.startup.VersionLoggerListener.log Command line argument: -Dcatalina.base=/Users/james/NetBeansProjects/WebtechLecFinals/libraries/apache-tomcat-8.5.30
04-May-2018 21:59:34.691 INFO [main] org.apache.catalina.startup.VersionLoggerListener.log Command line argument: -Dcatalina.home=/Users/james/NetBeansProjects/WebtechLecFinals/libraries/apache-tomcat-8.5.30
04-May-2018 21:59:34.691 INFO [main] org.apache.catalina.startup.VersionLoggerListener.log Command line argument: -Djava.io.tmpdir=/Users/james/NetBeansProjects/WebtechLecFinals/libraries/apache-tomcat-8.5.30/temp
04-May-2018 21:59:34.691 INFO [main] org.apache.catalina.core.AprLifecycleListener.lifecycleEvent The APR based Apache Tomcat Native library which allows optimal performance in production environments was not found on the java.library.path: [/Users/james/Library/Java/Extensions:/Library/Java/Extensions:/Network/Library/Java/Extensions:/System/Library/Java/Extensions:/usr/lib/java:.]
04-May-2018 21:59:34.924 INFO [main] org.apache.coyote.AbstractProtocol.init Initializing ProtocolHandler ["http-nio-8080"]
04-May-2018 21:59:34.967 INFO [main] org.apache.tomcat.util.net.NioSelectorPool.getSharedSelector Using a shared selector for servlet write/read
04-May-2018 21:59:34.979 INFO [main] org.apache.coyote.AbstractProtocol.init Initializing ProtocolHandler ["ajp-nio-8009"]
04-May-2018 21:59:34.997 INFO [main] org.apache.tomcat.util.net.NioSelectorPool.getSharedSelector Using a shared selector for servlet write/read
04-May-2018 21:59:34.999 INFO [main] org.apache.catalina.startup.Catalina.load Initialization processed in 1028 ms
04-May-2018 21:59:35.080 INFO [main] org.apache.catalina.core.StandardService.startInternal Starting service [Catalina]
04-May-2018 21:59:35.082 INFO [main] org.apache.catalina.core.StandardEngine.startInternal Starting Servlet Engine: Apache Tomcat/8.5.30
04-May-2018 21:59:35.095 INFO [localhost-startStop-1] org.apache.catalina.startup.HostConfig.deployDescriptor Deploying configuration descriptor [/Users/james/NetBeansProjects/WebtechLecFinals/libraries/apache-tomcat-8.5.30/conf/Catalina/localhost/WebtechLecFinals.xml]
04-May-2018 21:59:35.902 INFO [localhost-startStop-1] org.apache.jasper.servlet.TldScanner.scanJars At least one JAR was scanned for TLDs yet contained no TLDs. Enable debug logging for this logger for a complete list of JARs that were scanned but no TLDs were found in them. Skipping unneeded JARs during scanning can improve startup time and JSP compilation time.
04-May-2018 21:59:36.060 INFO [localhost-startStop-1] org.apache.catalina.startup.HostConfig.deployDescriptor Deployment of configuration descriptor [/Users/james/NetBeansProjects/WebtechLecFinals/libraries/apache-tomcat-8.5.30/conf/Catalina/localhost/WebtechLecFinals.xml] has finished in [964] ms
04-May-2018 21:59:36.061 INFO [localhost-startStop-1] org.apache.catalina.startup.HostConfig.deployDirectory Deploying web application directory [/Users/james/NetBeansProjects/WebtechLecFinals/libraries/apache-tomcat-8.5.30/webapps/docs]
04-May-2018 21:59:36.088 INFO [localhost-startStop-1] org.apache.catalina.startup.HostConfig.deployDirectory Deployment of web application directory [/Users/james/NetBeansProjects/WebtechLecFinals/libraries/apache-tomcat-8.5.30/webapps/docs] has finished in [26] ms
04-May-2018 21:59:36.088 INFO [localhost-startStop-1] org.apache.catalina.startup.HostConfig.deployDirectory Deploying web application directory [/Users/james/NetBeansProjects/WebtechLecFinals/libraries/apache-tomcat-8.5.30/webapps/manager]
04-May-2018 21:59:36.137 INFO [localhost-startStop-1] org.apache.catalina.startup.HostConfig.deployDirectory Deployment of web application directory [/Users/james/NetBeansProjects/WebtechLecFinals/libraries/apache-tomcat-8.5.30/webapps/manager] has finished in [48] ms
04-May-2018 21:59:36.137 INFO [localhost-startStop-1] org.apache.catalina.startup.HostConfig.deployDirectory Deploying web application directory [/Users/james/NetBeansProjects/WebtechLecFinals/libraries/apache-tomcat-8.5.30/webapps/examples]
04-May-2018 21:59:36.501 INFO [localhost-startStop-1] org.apache.catalina.startup.HostConfig.deployDirectory Deployment of web application directory [/Users/james/NetBeansProjects/WebtechLecFinals/libraries/apache-tomcat-8.5.30/webapps/examples] has finished in [363] ms
04-May-2018 21:59:36.502 INFO [localhost-startStop-1] org.apache.catalina.startup.HostConfig.deployDirectory Deploying web application directory [/Users/james/NetBeansProjects/WebtechLecFinals/libraries/apache-tomcat-8.5.30/webapps/ROOT]
04-May-2018 21:59:36.516 INFO [localhost-startStop-1] org.apache.catalina.startup.HostConfig.deployDirectory Deployment of web application directory [/Users/james/NetBeansProjects/WebtechLecFinals/libraries/apache-tomcat-8.5.30/webapps/ROOT] has finished in [14] ms
04-May-2018 21:59:36.516 INFO [localhost-startStop-1] org.apache.catalina.startup.HostConfig.deployDirectory Deploying web application directory [/Users/james/NetBeansProjects/WebtechLecFinals/libraries/apache-tomcat-8.5.30/webapps/host-manager]
04-May-2018 21:59:36.626 INFO [localhost-startStop-1] org.apache.catalina.startup.HostConfig.deployDirectory Deployment of web application directory [/Users/james/NetBeansProjects/WebtechLecFinals/libraries/apache-tomcat-8.5.30/webapps/host-manager] has finished in [110] ms
04-May-2018 21:59:36.631 INFO [main] org.apache.coyote.AbstractProtocol.start Starting ProtocolHandler ["http-nio-8080"]
04-May-2018 21:59:36.639 INFO [main] org.apache.coyote.AbstractProtocol.start Starting ProtocolHandler ["ajp-nio-8009"]
04-May-2018 21:59:36.641 INFO [main] org.apache.catalina.startup.Catalina.start Server startup in 1641 ms
04-May-2018 21:59:39.625 INFO [http-nio-8080-exec-9] org.apache.catalina.startup.HostConfig.undeploy Undeploying context [/WebtechLecFinals]
04-May-2018 21:59:39.663 INFO [http-nio-8080-exec-8] org.apache.catalina.startup.HostConfig.deployDescriptor Deploying configuration descriptor [/Users/james/NetBeansProjects/WebtechLecFinals/libraries/apache-tomcat-8.5.30/conf/Catalina/localhost/WebtechLecFinals.xml]
04-May-2018 21:59:39.866 INFO [http-nio-8080-exec-8] org.apache.catalina.startup.HostConfig.deployDescriptor Deployment of configuration descriptor [/Users/james/NetBeansProjects/WebtechLecFinals/libraries/apache-tomcat-8.5.30/conf/Catalina/localhost/WebtechLecFinals.xml] has finished in [203] ms
04-May-2018 21:59:39.882 INFO [http-nio-8080-exec-8] org.apache.catalina.util.LifecycleBase.start The start() method was called on component [StandardEngine[Catalina].StandardHost[localhost].StandardContext[/WebtechLecFinals]] after start() had already been called. The second call will be ignored.
04-May-2018 21:59:46.753 SEVERE [http-nio-8080-exec-10] WebtechLec.ConnectDB.getConn null
 com.mysql.jdbc.exceptions.jdbc4.CommunicationsException: Communications link failure

The last packet sent successfully to the server was 0 milliseconds ago. The driver has not received any packets from the server.
	at sun.reflect.NativeConstructorAccessorImpl.newInstance0(Native Method)
	at sun.reflect.NativeConstructorAccessorImpl.newInstance(NativeConstructorAccessorImpl.java:62)
	at sun.reflect.DelegatingConstructorAccessorImpl.newInstance(DelegatingConstructorAccessorImpl.java:45)
	at java.lang.reflect.Constructor.newInstance(Constructor.java:423)
	at com.mysql.jdbc.Util.handleNewInstance(Util.java:425)
	at com.mysql.jdbc.SQLError.createCommunicationsException(SQLError.java:990)
	at com.mysql.jdbc.MysqlIO.<init>(MysqlIO.java:342)
	at com.mysql.jdbc.ConnectionImpl.coreConnect(ConnectionImpl.java:2188)
	at com.mysql.jdbc.ConnectionImpl.connectOneTryOnly(ConnectionImpl.java:2221)
	at com.mysql.jdbc.ConnectionImpl.createNewIO(ConnectionImpl.java:2016)
	at com.mysql.jdbc.ConnectionImpl.<init>(ConnectionImpl.java:776)
	at com.mysql.jdbc.JDBC4Connection.<init>(JDBC4Connection.java:47)
	at sun.reflect.NativeConstructorAccessorImpl.newInstance0(Native Method)
	at sun.reflect.NativeConstructorAccessorImpl.newInstance(NativeConstructorAccessorImpl.java:62)
	at sun.reflect.DelegatingConstructorAccessorImpl.newInstance(DelegatingConstructorAccessorImpl.java:45)
	at java.lang.reflect.Constructor.newInstance(Constructor.java:423)
	at com.mysql.jdbc.Util.handleNewInstance(Util.java:425)
	at com.mysql.jdbc.ConnectionImpl.getInstance(ConnectionImpl.java:386)
	at com.mysql.jdbc.NonRegisteringDriver.connect(NonRegisteringDriver.java:330)
	at java.sql.DriverManager.getConnection(DriverManager.java:664)
	at java.sql.DriverManager.getConnection(DriverManager.java:247)
	at WebtechLec.ConnectDB.getConn(ConnectDB.java:19)
	at WebtechLec.LoginServlet.processRequest(LoginServlet.java:47)
	at WebtechLec.LoginServlet.doGet(LoginServlet.java:85)
	at javax.servlet.http.HttpServlet.service(HttpServlet.java:635)
	at javax.servlet.http.HttpServlet.service(HttpServlet.java:742)
	at org.apache.catalina.core.ApplicationFilterChain.internalDoFilter(ApplicationFilterChain.java:231)
	at org.apache.catalina.core.ApplicationFilterChain.doFilter(ApplicationFilterChain.java:166)
	at org.apache.tomcat.websocket.server.WsFilter.doFilter(WsFilter.java:52)
	at org.apache.catalina.core.ApplicationFilterChain.internalDoFilter(ApplicationFilterChain.java:193)
	at org.apache.catalina.core.ApplicationFilterChain.doFilter(ApplicationFilterChain.java:166)
	at org.apache.catalina.core.StandardWrapperValve.invoke(StandardWrapperValve.java:198)
	at org.apache.catalina.core.StandardContextValve.invoke(StandardContextValve.java:96)
	at org.apache.catalina.authenticator.AuthenticatorBase.invoke(AuthenticatorBase.java:496)
	at org.apache.catalina.core.StandardHostValve.invoke(StandardHostValve.java:140)
	at org.apache.catalina.valves.ErrorReportValve.invoke(ErrorReportValve.java:81)
	at org.apache.catalina.valves.AbstractAccessLogValve.invoke(AbstractAccessLogValve.java:650)
	at org.apache.catalina.core.StandardEngineValve.invoke(StandardEngineValve.java:87)
	at org.apache.catalina.connector.CoyoteAdapter.service(CoyoteAdapter.java:342)
	at org.apache.coyote.http11.Http11Processor.service(Http11Processor.java:803)
	at org.apache.coyote.AbstractProcessorLight.process(AbstractProcessorLight.java:66)
	at org.apache.coyote.AbstractProtocol$ConnectionHandler.process(AbstractProtocol.java:790)
	at org.apache.tomcat.util.net.NioEndpoint$SocketProcessor.doRun(NioEndpoint.java:1459)
	at org.apache.tomcat.util.net.SocketProcessorBase.run(SocketProcessorBase.java:49)
	at java.util.concurrent.ThreadPoolExecutor.runWorker(ThreadPoolExecutor.java:1149)
	at java.util.concurrent.ThreadPoolExecutor$Worker.run(ThreadPoolExecutor.java:624)
	at org.apache.tomcat.util.threads.TaskThread$WrappingRunnable.run(TaskThread.java:61)
	at java.lang.Thread.run(Thread.java:748)
Caused by: java.net.ConnectException: Connection refused (Connection refused)
	at java.net.PlainSocketImpl.socketConnect(Native Method)
	at java.net.AbstractPlainSocketImpl.doConnect(AbstractPlainSocketImpl.java:350)
	at java.net.AbstractPlainSocketImpl.connectToAddress(AbstractPlainSocketImpl.java:206)
	at java.net.AbstractPlainSocketImpl.connect(AbstractPlainSocketImpl.java:188)
	at java.net.SocksSocketImpl.connect(SocksSocketImpl.java:392)
	at java.net.Socket.connect(Socket.java:589)
	at com.mysql.jdbc.StandardSocketFactory.connect(StandardSocketFactory.java:211)
	at com.mysql.jdbc.MysqlIO.<init>(MysqlIO.java:301)
	... 41 more

04-May-2018 22:00:30.963 INFO [http-nio-8080-exec-18] org.apache.catalina.core.StandardContext.reload Reloading Context with name [/WebtechLecFinals] has started
04-May-2018 22:00:30.981 WARNING [http-nio-8080-exec-18] org.apache.catalina.loader.WebappClassLoaderBase.clearReferencesJdbc The web application [WebtechLecFinals] registered the JDBC driver [com.mysql.jdbc.Driver] but failed to unregister it when the web application was stopped. To prevent a memory leak, the JDBC Driver has been forcibly unregistered.
04-May-2018 22:00:30.984 WARNING [http-nio-8080-exec-18] org.apache.catalina.loader.WebappClassLoaderBase.clearReferencesThreads The web application [WebtechLecFinals] appears to have started a thread named [Abandoned connection cleanup thread] but has failed to stop it. This is very likely to create a memory leak. Stack trace of thread:
 java.lang.Object.wait(Native Method)
 java.lang.ref.ReferenceQueue.remove(ReferenceQueue.java:143)
 com.mysql.jdbc.AbandonedConnectionCleanupThread.run(AbandonedConnectionCleanupThread.java:64)
 java.util.concurrent.ThreadPoolExecutor.runWorker(ThreadPoolExecutor.java:1149)
 java.util.concurrent.ThreadPoolExecutor$Worker.run(ThreadPoolExecutor.java:624)
 java.lang.Thread.run(Thread.java:748)
04-May-2018 22:00:31.153 INFO [http-nio-8080-exec-18] org.apache.catalina.core.StandardContext.reload Reloading Context with name [/WebtechLecFinals] is completed
04-May-2018 22:00:31.615 INFO [Abandoned connection cleanup thread] org.apache.catalina.loader.WebappClassLoaderBase.checkStateForResourceLoading Illegal access: this web application instance has been stopped already. Could not load []. The following stack trace is thrown for debugging purposes as well as to attempt to terminate the thread which caused the illegal access.
 java.lang.IllegalStateException: Illegal access: this web application instance has been stopped already. Could not load []. The following stack trace is thrown for debugging purposes as well as to attempt to terminate the thread which caused the illegal access.
	at org.apache.catalina.loader.WebappClassLoaderBase.checkStateForResourceLoading(WebappClassLoaderBase.java:1328)
	at org.apache.catalina.loader.WebappClassLoaderBase.getResource(WebappClassLoaderBase.java:1003)
	at com.mysql.jdbc.AbandonedConnectionCleanupThread.checkContextClassLoaders(AbandonedConnectionCleanupThread.java:90)
	at com.mysql.jdbc.AbandonedConnectionCleanupThread.run(AbandonedConnectionCleanupThread.java:63)
	at java.util.concurrent.ThreadPoolExecutor.runWorker(ThreadPoolExecutor.java:1149)
	at java.util.concurrent.ThreadPoolExecutor$Worker.run(ThreadPoolExecutor.java:624)
	at java.lang.Thread.run(Thread.java:748)

04-May-2018 22:00:45.933 INFO [http-nio-8080-exec-13] org.apache.catalina.core.StandardContext.reload Reloading Context with name [/WebtechLecFinals] has started
04-May-2018 22:00:46.089 INFO [http-nio-8080-exec-13] org.apache.catalina.core.StandardContext.reload Reloading Context with name [/WebtechLecFinals] is completed
04-May-2018 22:01:50.416 INFO [http-nio-8080-exec-20] org.apache.catalina.core.StandardContext.reload Reloading Context with name [/WebtechLecFinals] has started
04-May-2018 22:01:50.431 WARNING [http-nio-8080-exec-20] org.apache.catalina.loader.WebappClassLoaderBase.clearReferencesJdbc The web application [WebtechLecFinals] registered the JDBC driver [com.mysql.jdbc.Driver] but failed to unregister it when the web application was stopped. To prevent a memory leak, the JDBC Driver has been forcibly unregistered.
04-May-2018 22:01:50.432 WARNING [http-nio-8080-exec-20] org.apache.catalina.loader.WebappClassLoaderBase.clearReferencesThreads The web application [WebtechLecFinals] appears to have started a thread named [Abandoned connection cleanup thread] but has failed to stop it. This is very likely to create a memory leak. Stack trace of thread:
 java.lang.Object.wait(Native Method)
 java.lang.ref.ReferenceQueue.remove(ReferenceQueue.java:143)
 com.mysql.jdbc.AbandonedConnectionCleanupThread.run(AbandonedConnectionCleanupThread.java:64)
 java.util.concurrent.ThreadPoolExecutor.runWorker(ThreadPoolExecutor.java:1149)
 java.util.concurrent.ThreadPoolExecutor$Worker.run(ThreadPoolExecutor.java:624)
 java.lang.Thread.run(Thread.java:748)
04-May-2018 22:01:50.652 INFO [Abandoned connection cleanup thread] org.apache.catalina.loader.WebappClassLoaderBase.checkStateForResourceLoading Illegal access: this web application instance has been stopped already. Could not load []. The following stack trace is thrown for debugging purposes as well as to attempt to terminate the thread which caused the illegal access.
 java.lang.IllegalStateException: Illegal access: this web application instance has been stopped already. Could not load []. The following stack trace is thrown for debugging purposes as well as to attempt to terminate the thread which caused the illegal access.
	at org.apache.catalina.loader.WebappClassLoaderBase.checkStateForResourceLoading(WebappClassLoaderBase.java:1328)
	at org.apache.catalina.loader.WebappClassLoaderBase.getResource(WebappClassLoaderBase.java:1003)
	at com.mysql.jdbc.AbandonedConnectionCleanupThread.checkContextClassLoaders(AbandonedConnectionCleanupThread.java:90)
	at com.mysql.jdbc.AbandonedConnectionCleanupThread.run(AbandonedConnectionCleanupThread.java:63)
	at java.util.concurrent.ThreadPoolExecutor.runWorker(ThreadPoolExecutor.java:1149)
	at java.util.concurrent.ThreadPoolExecutor$Worker.run(ThreadPoolExecutor.java:624)
	at java.lang.Thread.run(Thread.java:748)

04-May-2018 22:01:50.657 INFO [Abandoned connection cleanup thread] org.apache.catalina.loader.WebappClassLoaderBase.checkStateForResourceLoading Illegal access: this web application instance has been stopped already. Could not load []. The following stack trace is thrown for debugging purposes as well as to attempt to terminate the thread which caused the illegal access.
 java.lang.IllegalStateException: Illegal access: this web application instance has been stopped already. Could not load []. The following stack trace is thrown for debugging purposes as well as to attempt to terminate the thread which caused the illegal access.
	at org.apache.catalina.loader.WebappClassLoaderBase.checkStateForResourceLoading(WebappClassLoaderBase.java:1328)
	at org.apache.catalina.loader.WebappClassLoaderBase.getResource(WebappClassLoaderBase.java:1003)
	at com.mysql.jdbc.AbandonedConnectionCleanupThread.checkContextClassLoaders(AbandonedConnectionCleanupThread.java:90)
	at com.mysql.jdbc.AbandonedConnectionCleanupThread.run(AbandonedConnectionCleanupThread.java:63)
	at java.util.concurrent.ThreadPoolExecutor.runWorker(ThreadPoolExecutor.java:1149)
	at java.util.concurrent.ThreadPoolExecutor$Worker.run(ThreadPoolExecutor.java:624)
	at java.lang.Thread.run(Thread.java:748)

04-May-2018 22:01:50.669 INFO [Abandoned connection cleanup thread] org.apache.catalina.loader.WebappClassLoaderBase.checkStateForResourceLoading Illegal access: this web application instance has been stopped already. Could not load []. The following stack trace is thrown for debugging purposes as well as to attempt to terminate the thread which caused the illegal access.
 java.lang.IllegalStateException: Illegal access: this web application instance has been stopped already. Could not load []. The following stack trace is thrown for debugging purposes as well as to attempt to terminate the thread which caused the illegal access.
	at org.apache.catalina.loader.WebappClassLoaderBase.checkStateForResourceLoading(WebappClassLoaderBase.java:1328)
	at org.apache.catalina.loader.WebappClassLoaderBase.getResource(WebappClassLoaderBase.java:1003)
	at com.mysql.jdbc.AbandonedConnectionCleanupThread.checkContextClassLoaders(AbandonedConnectionCleanupThread.java:90)
	at com.mysql.jdbc.AbandonedConnectionCleanupThread.run(AbandonedConnectionCleanupThread.java:63)
	at java.util.concurrent.ThreadPoolExecutor.runWorker(ThreadPoolExecutor.java:1149)
	at java.util.concurrent.ThreadPoolExecutor$Worker.run(ThreadPoolExecutor.java:624)
	at java.lang.Thread.run(Thread.java:748)

04-May-2018 22:01:50.773 INFO [http-nio-8080-exec-20] org.apache.catalina.core.StandardContext.reload Reloading Context with name [/WebtechLecFinals] is completed
04-May-2018 22:02:05.744 INFO [http-nio-8080-exec-17] org.apache.catalina.core.StandardContext.reload Reloading Context with name [/WebtechLecFinals] has started
04-May-2018 22:02:05.891 INFO [http-nio-8080-exec-17] org.apache.catalina.core.StandardContext.reload Reloading Context with name [/WebtechLecFinals] is completed
04-May-2018 22:02:20.176 INFO [http-nio-8080-exec-27] org.apache.catalina.core.StandardContext.reload Reloading Context with name [/WebtechLecFinals] has started
04-May-2018 22:02:20.372 INFO [http-nio-8080-exec-27] org.apache.catalina.core.StandardContext.reload Reloading Context with name [/WebtechLecFinals] is completed
04-May-2018 22:03:51.780 INFO [http-nio-8080-exec-29] org.apache.catalina.core.StandardContext.reload Reloading Context with name [/WebtechLecFinals] has started
04-May-2018 22:03:51.893 INFO [http-nio-8080-exec-29] org.apache.catalina.core.StandardContext.reload Reloading Context with name [/WebtechLecFinals] is completed
04-May-2018 22:06:23.251 INFO [http-nio-8080-exec-36] org.apache.catalina.core.StandardContext.reload Reloading Context with name [/WebtechLecFinals] has started
04-May-2018 22:06:23.261 WARNING [http-nio-8080-exec-36] org.apache.catalina.loader.WebappClassLoaderBase.clearReferencesJdbc The web application [WebtechLecFinals] registered the JDBC driver [com.mysql.jdbc.Driver] but failed to unregister it when the web application was stopped. To prevent a memory leak, the JDBC Driver has been forcibly unregistered.
04-May-2018 22:06:23.262 WARNING [http-nio-8080-exec-36] org.apache.catalina.loader.WebappClassLoaderBase.clearReferencesThreads The web application [WebtechLecFinals] appears to have started a thread named [Abandoned connection cleanup thread] but has failed to stop it. This is very likely to create a memory leak. Stack trace of thread:
 java.lang.Object.wait(Native Method)
 java.lang.ref.ReferenceQueue.remove(ReferenceQueue.java:143)
 com.mysql.jdbc.AbandonedConnectionCleanupThread.run(AbandonedConnectionCleanupThread.java:64)
 java.util.concurrent.ThreadPoolExecutor.runWorker(ThreadPoolExecutor.java:1149)
 java.util.concurrent.ThreadPoolExecutor$Worker.run(ThreadPoolExecutor.java:624)
 java.lang.Thread.run(Thread.java:748)
04-May-2018 22:06:23.286 INFO [Abandoned connection cleanup thread] org.apache.catalina.loader.WebappClassLoaderBase.checkStateForResourceLoading Illegal access: this web application instance has been stopped already. Could not load []. The following stack trace is thrown for debugging purposes as well as to attempt to terminate the thread which caused the illegal access.
 java.lang.IllegalStateException: Illegal access: this web application instance has been stopped already. Could not load []. The following stack trace is thrown for debugging purposes as well as to attempt to terminate the thread which caused the illegal access.
	at org.apache.catalina.loader.WebappClassLoaderBase.checkStateForResourceLoading(WebappClassLoaderBase.java:1328)
	at org.apache.catalina.loader.WebappClassLoaderBase.getResource(WebappClassLoaderBase.java:1003)
	at com.mysql.jdbc.AbandonedConnectionCleanupThread.checkContextClassLoaders(AbandonedConnectionCleanupThread.java:90)
	at com.mysql.jdbc.AbandonedConnectionCleanupThread.run(AbandonedConnectionCleanupThread.java:63)
	at java.util.concurrent.ThreadPoolExecutor.runWorker(ThreadPoolExecutor.java:1149)
	at java.util.concurrent.ThreadPoolExecutor$Worker.run(ThreadPoolExecutor.java:624)
	at java.lang.Thread.run(Thread.java:748)

04-May-2018 22:06:23.371 INFO [http-nio-8080-exec-36] org.apache.catalina.core.StandardContext.reload Reloading Context with name [/WebtechLecFinals] is completed
04-May-2018 22:07:05.371 INFO [http-nio-8080-exec-39] org.apache.catalina.core.StandardContext.reload Reloading Context with name [/WebtechLecFinals] has started
04-May-2018 22:07:05.557 INFO [http-nio-8080-exec-39] org.apache.catalina.core.StandardContext.reload Reloading Context with name [/WebtechLecFinals] is completed
04-May-2018 22:07:22.301 INFO [http-nio-8080-exec-37] org.apache.catalina.core.StandardContext.reload Reloading Context with name [/WebtechLecFinals] has started
04-May-2018 22:07:22.421 INFO [http-nio-8080-exec-37] org.apache.catalina.core.StandardContext.reload Reloading Context with name [/WebtechLecFinals] is completed
04-May-2018 22:07:36.660 INFO [http-nio-8080-exec-36] org.apache.catalina.core.StandardContext.reload Reloading Context with name [/WebtechLecFinals] has started
04-May-2018 22:07:36.843 INFO [http-nio-8080-exec-36] org.apache.catalina.core.StandardContext.reload Reloading Context with name [/WebtechLecFinals] is completed
04-May-2018 22:07:50.299 INFO [http-nio-8080-exec-40] org.apache.catalina.core.StandardContext.reload Reloading Context with name [/WebtechLecFinals] has started
04-May-2018 22:07:50.439 INFO [http-nio-8080-exec-40] org.apache.catalina.core.StandardContext.reload Reloading Context with name [/WebtechLecFinals] is completed
04-May-2018 22:09:09.294 INFO [http-nio-8080-exec-48] org.apache.catalina.core.StandardContext.reload Reloading Context with name [/WebtechLecFinals] has started
04-May-2018 22:09:09.488 INFO [http-nio-8080-exec-48] org.apache.catalina.core.StandardContext.reload Reloading Context with name [/WebtechLecFinals] is completed
04-May-2018 22:09:13.035 INFO [http-nio-8080-exec-43] org.apache.catalina.core.StandardContext.reload Reloading Context with name [/WebtechLecFinals] has started
04-May-2018 22:09:13.197 INFO [http-nio-8080-exec-43] org.apache.catalina.core.StandardContext.reload Reloading Context with name [/WebtechLecFinals] is completed
04-May-2018 22:11:11.986 INFO [http-nio-8080-exec-57] org.apache.catalina.core.StandardContext.reload Reloading Context with name [/WebtechLecFinals] has started
04-May-2018 22:11:12.130 INFO [http-nio-8080-exec-57] org.apache.catalina.core.StandardContext.reload Reloading Context with name [/WebtechLecFinals] is completed
04-May-2018 22:11:18.382 INFO [http-nio-8080-exec-49] org.apache.catalina.core.StandardContext.reload Reloading Context with name [/WebtechLecFinals] has started
04-May-2018 22:11:18.576 INFO [http-nio-8080-exec-49] org.apache.catalina.core.StandardContext.reload Reloading Context with name [/WebtechLecFinals] is completed
04-May-2018 22:11:30.794 INFO [http-nio-8080-exec-54] org.apache.catalina.core.StandardContext.reload Reloading Context with name [/WebtechLecFinals] has started
04-May-2018 22:11:30.942 INFO [http-nio-8080-exec-54] org.apache.catalina.core.StandardContext.reload Reloading Context with name [/WebtechLecFinals] is completed
04-May-2018 22:11:53.116 INFO [http-nio-8080-exec-57] org.apache.catalina.core.StandardContext.reload Reloading Context with name [/WebtechLecFinals] has started
04-May-2018 22:11:53.311 INFO [http-nio-8080-exec-57] org.apache.catalina.core.StandardContext.reload Reloading Context with name [/WebtechLecFinals] is completed
04-May-2018 22:11:59.343 INFO [http-nio-8080-exec-58] org.apache.catalina.core.StandardContext.reload Reloading Context with name [/WebtechLecFinals] has started
04-May-2018 22:11:59.569 INFO [http-nio-8080-exec-58] org.apache.catalina.core.StandardContext.reload Reloading Context with name [/WebtechLecFinals] is completed
04-May-2018 22:21:28.067 INFO [http-nio-8080-exec-73] org.apache.catalina.core.StandardContext.reload Reloading Context with name [/WebtechLecFinals] has started
04-May-2018 22:21:28.072 WARNING [http-nio-8080-exec-73] org.apache.catalina.loader.WebappClassLoaderBase.clearReferencesJdbc The web application [WebtechLecFinals] registered the JDBC driver [com.mysql.jdbc.Driver] but failed to unregister it when the web application was stopped. To prevent a memory leak, the JDBC Driver has been forcibly unregistered.
04-May-2018 22:21:28.072 WARNING [http-nio-8080-exec-73] org.apache.catalina.loader.WebappClassLoaderBase.clearReferencesThreads The web application [WebtechLecFinals] appears to have started a thread named [Abandoned connection cleanup thread] but has failed to stop it. This is very likely to create a memory leak. Stack trace of thread:
 java.lang.Object.wait(Native Method)
 java.lang.ref.ReferenceQueue.remove(ReferenceQueue.java:143)
 com.mysql.jdbc.AbandonedConnectionCleanupThread.run(AbandonedConnectionCleanupThread.java:64)
 java.util.concurrent.ThreadPoolExecutor.runWorker(ThreadPoolExecutor.java:1149)
 java.util.concurrent.ThreadPoolExecutor$Worker.run(ThreadPoolExecutor.java:624)
 java.lang.Thread.run(Thread.java:748)
04-May-2018 22:21:28.181 INFO [http-nio-8080-exec-73] org.apache.catalina.core.StandardContext.reload Reloading Context with name [/WebtechLecFinals] is completed
04-May-2018 22:21:28.860 INFO [Abandoned connection cleanup thread] org.apache.catalina.loader.WebappClassLoaderBase.checkStateForResourceLoading Illegal access: this web application instance has been stopped already. Could not load []. The following stack trace is thrown for debugging purposes as well as to attempt to terminate the thread which caused the illegal access.
 java.lang.IllegalStateException: Illegal access: this web application instance has been stopped already. Could not load []. The following stack trace is thrown for debugging purposes as well as to attempt to terminate the thread which caused the illegal access.
	at org.apache.catalina.loader.WebappClassLoaderBase.checkStateForResourceLoading(WebappClassLoaderBase.java:1328)
	at org.apache.catalina.loader.WebappClassLoaderBase.getResource(WebappClassLoaderBase.java:1003)
	at com.mysql.jdbc.AbandonedConnectionCleanupThread.checkContextClassLoaders(AbandonedConnectionCleanupThread.java:90)
	at com.mysql.jdbc.AbandonedConnectionCleanupThread.run(AbandonedConnectionCleanupThread.java:63)
	at java.util.concurrent.ThreadPoolExecutor.runWorker(ThreadPoolExecutor.java:1149)
	at java.util.concurrent.ThreadPoolExecutor$Worker.run(ThreadPoolExecutor.java:624)
	at java.lang.Thread.run(Thread.java:748)

04-May-2018 22:22:50.971 INFO [http-nio-8080-exec-68] org.apache.catalina.core.StandardContext.reload Reloading Context with name [/WebtechLecFinals] has started
04-May-2018 22:22:51.194 INFO [http-nio-8080-exec-68] org.apache.catalina.core.StandardContext.reload Reloading Context with name [/WebtechLecFinals] is completed
04-May-2018 22:23:34.769 INFO [http-nio-8080-exec-78] org.apache.catalina.core.StandardContext.reload Reloading Context with name [/WebtechLecFinals] has started
04-May-2018 22:23:34.913 INFO [http-nio-8080-exec-78] org.apache.catalina.core.StandardContext.reload Reloading Context with name [/WebtechLecFinals] is completed
04-May-2018 22:41:01.536 INFO [http-nio-8080-exec-83] org.apache.catalina.core.StandardContext.reload Reloading Context with name [/WebtechLecFinals] has started
04-May-2018 22:41:01.764 INFO [http-nio-8080-exec-83] org.apache.catalina.core.StandardContext.reload Reloading Context with name [/WebtechLecFinals] is completed
04-May-2018 22:41:45.051 INFO [http-nio-8080-exec-88] org.apache.catalina.core.StandardContext.reload Reloading Context with name [/WebtechLecFinals] has started
04-May-2018 22:41:45.204 INFO [http-nio-8080-exec-88] org.apache.catalina.core.StandardContext.reload Reloading Context with name [/WebtechLecFinals] is completed
04-May-2018 22:43:49.937 INFO [http-nio-8080-exec-86] org.apache.catalina.core.StandardContext.reload Reloading Context with name [/WebtechLecFinals] has started
04-May-2018 22:43:50.056 INFO [http-nio-8080-exec-86] org.apache.catalina.core.StandardContext.reload Reloading Context with name [/WebtechLecFinals] is completed
04-May-2018 22:44:13.304 INFO [http-nio-8080-exec-88] org.apache.catalina.core.StandardContext.reload Reloading Context with name [/WebtechLecFinals] has started
04-May-2018 22:44:13.403 INFO [http-nio-8080-exec-88] org.apache.catalina.core.StandardContext.reload Reloading Context with name [/WebtechLecFinals] is completed
04-May-2018 22:44:20.990 INFO [http-nio-8080-exec-95] org.apache.catalina.core.StandardContext.reload Reloading Context with name [/WebtechLecFinals] has started
04-May-2018 22:44:21.122 INFO [http-nio-8080-exec-95] org.apache.catalina.core.StandardContext.reload Reloading Context with name [/WebtechLecFinals] is completed
04-May-2018 22:46:36.365 INFO [http-nio-8080-exec-89] org.apache.catalina.core.StandardContext.reload Reloading Context with name [/WebtechLecFinals] has started
04-May-2018 22:46:36.501 INFO [http-nio-8080-exec-89] org.apache.catalina.core.StandardContext.reload Reloading Context with name [/WebtechLecFinals] is completed
04-May-2018 22:47:08.876 INFO [http-nio-8080-exec-95] org.apache.catalina.core.StandardContext.reload Reloading Context with name [/WebtechLecFinals] has started
04-May-2018 22:47:09.012 INFO [http-nio-8080-exec-95] org.apache.catalina.core.StandardContext.reload Reloading Context with name [/WebtechLecFinals] is completed
04-May-2018 22:50:26.265 SEVERE [http-nio-8080-exec-108] WebtechLec.AddAdminServlet.processRequest null
 java.sql.SQLException: Field 'account_id' doesn't have a default value
	at com.mysql.jdbc.SQLError.createSQLException(SQLError.java:965)
	at com.mysql.jdbc.MysqlIO.checkErrorPacket(MysqlIO.java:3976)
	at com.mysql.jdbc.MysqlIO.checkErrorPacket(MysqlIO.java:3912)
	at com.mysql.jdbc.MysqlIO.sendCommand(MysqlIO.java:2530)
	at com.mysql.jdbc.MysqlIO.sqlQueryDirect(MysqlIO.java:2683)
	at com.mysql.jdbc.ConnectionImpl.execSQL(ConnectionImpl.java:2482)
	at com.mysql.jdbc.StatementImpl.executeUpdateInternal(StatementImpl.java:1552)
	at com.mysql.jdbc.StatementImpl.executeLargeUpdate(StatementImpl.java:2607)
	at com.mysql.jdbc.StatementImpl.executeUpdate(StatementImpl.java:1480)
	at WebtechLec.AddAdminServlet.processRequest(AddAdminServlet.java:63)
	at WebtechLec.AddAdminServlet.doPost(AddAdminServlet.java:105)
	at javax.servlet.http.HttpServlet.service(HttpServlet.java:661)
	at javax.servlet.http.HttpServlet.service(HttpServlet.java:742)
	at org.apache.catalina.core.ApplicationFilterChain.internalDoFilter(ApplicationFilterChain.java:231)
	at org.apache.catalina.core.ApplicationFilterChain.doFilter(ApplicationFilterChain.java:166)
	at org.apache.tomcat.websocket.server.WsFilter.doFilter(WsFilter.java:52)
	at org.apache.catalina.core.ApplicationFilterChain.internalDoFilter(ApplicationFilterChain.java:193)
	at org.apache.catalina.core.ApplicationFilterChain.doFilter(ApplicationFilterChain.java:166)
	at org.apache.catalina.core.StandardWrapperValve.invoke(StandardWrapperValve.java:198)
	at org.apache.catalina.core.StandardContextValve.invoke(StandardContextValve.java:96)
	at org.apache.catalina.authenticator.AuthenticatorBase.invoke(AuthenticatorBase.java:496)
	at org.apache.catalina.core.StandardHostValve.invoke(StandardHostValve.java:140)
	at org.apache.catalina.valves.ErrorReportValve.invoke(ErrorReportValve.java:81)
	at org.apache.catalina.valves.AbstractAccessLogValve.invoke(AbstractAccessLogValve.java:650)
	at org.apache.catalina.core.StandardEngineValve.invoke(StandardEngineValve.java:87)
	at org.apache.catalina.connector.CoyoteAdapter.service(CoyoteAdapter.java:342)
	at org.apache.coyote.http11.Http11Processor.service(Http11Processor.java:803)
	at org.apache.coyote.AbstractProcessorLight.process(AbstractProcessorLight.java:66)
	at org.apache.coyote.AbstractProtocol$ConnectionHandler.process(AbstractProtocol.java:790)
	at org.apache.tomcat.util.net.NioEndpoint$SocketProcessor.doRun(NioEndpoint.java:1459)
	at org.apache.tomcat.util.net.SocketProcessorBase.run(SocketProcessorBase.java:49)
	at java.util.concurrent.ThreadPoolExecutor.runWorker(ThreadPoolExecutor.java:1149)
	at java.util.concurrent.ThreadPoolExecutor$Worker.run(ThreadPoolExecutor.java:624)
	at org.apache.tomcat.util.threads.TaskThread$WrappingRunnable.run(TaskThread.java:61)
	at java.lang.Thread.run(Thread.java:748)

04-May-2018 22:58:27.493 INFO [http-nio-8080-exec-104] org.apache.catalina.core.StandardContext.reload Reloading Context with name [/WebtechLecFinals] has started
04-May-2018 22:58:27.500 WARNING [http-nio-8080-exec-104] org.apache.catalina.loader.WebappClassLoaderBase.clearReferencesJdbc The web application [WebtechLecFinals] registered the JDBC driver [com.mysql.jdbc.Driver] but failed to unregister it when the web application was stopped. To prevent a memory leak, the JDBC Driver has been forcibly unregistered.
04-May-2018 22:58:27.501 WARNING [http-nio-8080-exec-104] org.apache.catalina.loader.WebappClassLoaderBase.clearReferencesThreads The web application [WebtechLecFinals] appears to have started a thread named [Abandoned connection cleanup thread] but has failed to stop it. This is very likely to create a memory leak. Stack trace of thread:
 java.lang.Object.wait(Native Method)
 java.lang.ref.ReferenceQueue.remove(ReferenceQueue.java:143)
 com.mysql.jdbc.AbandonedConnectionCleanupThread.run(AbandonedConnectionCleanupThread.java:64)
 java.util.concurrent.ThreadPoolExecutor.runWorker(ThreadPoolExecutor.java:1149)
 java.util.concurrent.ThreadPoolExecutor$Worker.run(ThreadPoolExecutor.java:624)
 java.lang.Thread.run(Thread.java:748)
04-May-2018 22:58:27.739 INFO [http-nio-8080-exec-104] org.apache.catalina.core.StandardContext.reload Reloading Context with name [/WebtechLecFinals] is completed
04-May-2018 22:58:29.443 INFO [Abandoned connection cleanup thread] org.apache.catalina.loader.WebappClassLoaderBase.checkStateForResourceLoading Illegal access: this web application instance has been stopped already. Could not load []. The following stack trace is thrown for debugging purposes as well as to attempt to terminate the thread which caused the illegal access.
 java.lang.IllegalStateException: Illegal access: this web application instance has been stopped already. Could not load []. The following stack trace is thrown for debugging purposes as well as to attempt to terminate the thread which caused the illegal access.
	at org.apache.catalina.loader.WebappClassLoaderBase.checkStateForResourceLoading(WebappClassLoaderBase.java:1328)
	at org.apache.catalina.loader.WebappClassLoaderBase.getResource(WebappClassLoaderBase.java:1003)
	at com.mysql.jdbc.AbandonedConnectionCleanupThread.checkContextClassLoaders(AbandonedConnectionCleanupThread.java:90)
	at com.mysql.jdbc.AbandonedConnectionCleanupThread.run(AbandonedConnectionCleanupThread.java:63)
	at java.util.concurrent.ThreadPoolExecutor.runWorker(ThreadPoolExecutor.java:1149)
	at java.util.concurrent.ThreadPoolExecutor$Worker.run(ThreadPoolExecutor.java:624)
	at java.lang.Thread.run(Thread.java:748)

04-May-2018 22:58:38.872 INFO [main] org.apache.catalina.core.StandardServer.await A valid shutdown command was received via the shutdown port. Stopping the Server instance.
04-May-2018 22:58:38.872 INFO [main] org.apache.coyote.AbstractProtocol.pause Pausing ProtocolHandler ["http-nio-8080"]
04-May-2018 22:58:38.928 INFO [main] org.apache.coyote.AbstractProtocol.pause Pausing ProtocolHandler ["ajp-nio-8009"]
04-May-2018 22:58:38.983 INFO [main] org.apache.catalina.core.StandardService.stopInternal Stopping service [Catalina]
04-May-2018 22:58:38.998 INFO [main] org.apache.coyote.AbstractProtocol.stop Stopping ProtocolHandler ["http-nio-8080"]
04-May-2018 22:58:39.000 INFO [main] org.apache.coyote.AbstractProtocol.stop Stopping ProtocolHandler ["ajp-nio-8009"]
04-May-2018 22:58:39.001 INFO [main] org.apache.coyote.AbstractProtocol.destroy Destroying ProtocolHandler ["http-nio-8080"]
04-May-2018 22:58:39.002 INFO [main] org.apache.coyote.AbstractProtocol.destroy Destroying ProtocolHandler ["ajp-nio-8009"]
